Build started 12/6/2014 4:50:38 PM.
     1>Project "C:\Users\Crescens\documents\visual studio 2010\Projects\The Messenger - Beasts\The Messenger - Beasts\The Messenger - Beasts.vcxproj" on node 2 (build target(s)).
     1>InitializeBuildStatus:
         Touching "Debug\The Messenger - Beasts.unsuccessfulbuild".
       ClCompile:
         C:\Program Files (x86)\Microsoft Visual Studio 10.0\VC\bin\CL.exe /c /ZI /nologo /W3 /WX- /Od /Oy- /D _MBCS /Gm /EHsc /RTC1 /MDd /GS /fp:precise /Zc:wchar_t /Zc:forScope /Fo"Debug\\" /Fd"Debug\vc100.pdb" /Gd /TP /analyze- /errorReport:prompt Main.cpp
         Main.cpp
     1>c:\users\crescens\documents\visual studio 2010\projects\the messenger - beasts\the messenger - beasts\csdl.h(10): warning C4290: C++ exception specification ignored except to indicate a function is not __declspec(nothrow)
       Link:
         C:\Program Files (x86)\Microsoft Visual Studio 10.0\VC\bin\link.exe /ERRORREPORT:PROMPT /OUT:"C:\Users\Crescens\documents\visual studio 2010\Projects\The Messenger - Beasts\Debug\The Messenger - Beasts.exe" /NOLOGO SDL2.lib SDL2main.lib kernel32.lib user32.lib gdi32.lib winspool.lib comdlg32.lib advapi32.lib shell32.lib ole32.lib oleaut32.lib uuid.lib odbc32.lib odbccp32.lib /MANIFEST /ManifestFile:"Debug\The Messenger - Beasts.exe.intermediate.manifest" /MANIFESTUAC:"level='asInvoker' uiAccess='false'" /DEBUG /PDB:"C:\Users\Crescens\documents\visual studio 2010\Projects\The Messenger - Beasts\Debug\The Messenger - Beasts.pdb" /SUBSYSTEM:CONSOLE /TLBID:1 /DYNAMICBASE /NXCOMPAT /IMPLIB:"C:\Users\Crescens\documents\visual studio 2010\Projects\The Messenger - Beasts\Debug\The Messenger - Beasts.lib" /MACHINE:X86 Debug\InitError.obj
         Debug\Main.obj
         Debug\cSDL.obj
         LINK : C:\Users\Crescens\documents\visual studio 2010\Projects\The Messenger - Beasts\Debug\The Messenger - Beasts.exe not found or not built by the last incremental link; performing full link
     1>MSVCRTD.lib(cinitexe.obj) : warning LNK4098: defaultlib 'msvcrt.lib' conflicts with use of other libs; use /NODEFAULTLIB:library
         The Messenger - Beasts.vcxproj -> C:\Users\Crescens\documents\visual studio 2010\Projects\The Messenger - Beasts\Debug\The Messenger - Beasts.exe
       Manifest:
         C:\Program Files (x86)\Microsoft SDKs\Windows\v7.0A\bin\mt.exe /nologo /verbose /outputresource:"C:\Users\Crescens\documents\visual studio 2010\Projects\The Messenger - Beasts\Debug\The Messenger - Beasts.exe;#1" /manifest "Debug\The Messenger - Beasts.exe.intermediate.manifest"
       FinalizeBuildStatus:
         Deleting file "Debug\The Messenger - Beasts.unsuccessfulbuild".
         Touching "Debug\The Messenger - Beasts.lastbuildstate".
     1>Done Building Project "C:\Users\Crescens\documents\visual studio 2010\Projects\The Messenger - Beasts\The Messenger - Beasts\The Messenger - Beasts.vcxproj" (build target(s)).

Build succeeded.

Time Elapsed 00:00:04.51
